[28-Jun-2023 16:33:49 UTC] PHP Parse error:  syntax error, unexpected '}', expecting ';' or ',' in /Users/gaspersimec/Local Sites/fictional-university/app/public/wp-content/themes/fictional-university-theme/index.php on line 4
[28-Jun-2023 16:33:57 UTC] PHP Parse error:  syntax error, unexpected '}', expecting ';' or ',' in /Users/gaspersimec/Local Sites/fictional-university/app/public/wp-content/themes/fictional-university-theme/index.php on line 4
[28-Jun-2023 16:38:09 UTC] PHP Parse error:  syntax error, unexpected ',', expecting variable (T_VARIABLE) in /Users/gaspersimec/Local Sites/fictional-university/app/public/wp-content/themes/fictional-university-theme/index.php on line 2
[28-Jun-2023 16:39:11 UTC] PHP Fatal error:  Uncaught ArgumentCountError: Too few arguments to function greet(), 0 passed in /Users/gaspersimec/Local Sites/fictional-university/app/public/wp-content/themes/fictional-university-theme/index.php on line 7 and exactly 2 expected in /Users/gaspersimec/Local Sites/fictional-university/app/public/wp-content/themes/fictional-university-theme/index.php:2
Stack trace:
#0 /Users/gaspersimec/Local Sites/fictional-university/app/public/wp-content/themes/fictional-university-theme/index.php(7): greet()
#1 /Users/gaspersimec/Local Sites/fictional-university/app/public/wp-includes/template-loader.php(106): include('/Users/gaspersi...')
#2 /Users/gaspersimec/Local Sites/fictional-university/app/public/wp-blog-header.php(19): require_once('/Users/gaspersi...')
#3 /Users/gaspersimec/Local Sites/fictional-university/app/public/index.php(17): require('/Users/gaspersi...')
#4 {main}
  thrown in /Users/gaspersimec/Local Sites/fictional-university/app/public/wp-content/themes/fictional-university-theme/index.php on line 2
[28-Jun-2023 16:46:54 UTC] PHP Parse error:  syntax error, unexpected '/' in /Users/gaspersimec/Local Sites/fictional-university/app/public/wp-content/themes/fictional-university-theme/index.php on line 11
[28-Jun-2023 16:47:16 UTC] PHP Parse error:  syntax error, unexpected '/' in /Users/gaspersimec/Local Sites/fictional-university/app/public/wp-content/themes/fictional-university-theme/index.php on line 11
[28-Jun-2023 16:47:41 UTC] PHP Parse error:  syntax error, unexpected '/' in /Users/gaspersimec/Local Sites/fictional-university/app/public/wp-content/themes/fictional-university-theme/index.php on line 11
[28-Jun-2023 16:56:09 UTC] PHP Parse error:  syntax error, unexpected '<' in /Users/gaspersimec/Local Sites/fictional-university/app/public/wp-content/themes/fictional-university-theme/index.php on line 8
[28-Jun-2023 16:56:17 UTC] PHP Parse error:  syntax error, unexpected '<' in /Users/gaspersimec/Local Sites/fictional-university/app/public/wp-content/themes/fictional-university-theme/index.php on line 8
[28-Jun-2023 16:56:17 UTC] PHP Parse error:  syntax error, unexpected '<' in /Users/gaspersimec/Local Sites/fictional-university/app/public/wp-content/themes/fictional-university-theme/index.php on line 8
[28-Jun-2023 16:56:31 UTC] PHP Parse error:  syntax error, unexpected '<' in /Users/gaspersimec/Local Sites/fictional-university/app/public/wp-content/themes/fictional-university-theme/index.php on line 8
[28-Jun-2023 16:56:44 UTC] PHP Parse error:  syntax error, unexpected '<' in /Users/gaspersimec/Local Sites/fictional-university/app/public/wp-content/themes/fictional-university-theme/index.php on line 8
[28-Jun-2023 16:56:45 UTC] PHP Parse error:  syntax error, unexpected '<' in /Users/gaspersimec/Local Sites/fictional-university/app/public/wp-content/themes/fictional-university-theme/index.php on line 8
[28-Jun-2023 17:00:41 UTC] PHP Parse error:  syntax error, unexpected '}' in /Users/gaspersimec/Local Sites/fictional-university/app/public/wp-content/themes/fictional-university-theme/index.php on line 10
[28-Jun-2023 17:00:56 UTC] PHP Fatal error:  Uncaught Error: Call to undefined function length() in /Users/gaspersimec/Local Sites/fictional-university/app/public/wp-content/themes/fictional-university-theme/index.php:7
Stack trace:
#0 /Users/gaspersimec/Local Sites/fictional-university/app/public/wp-includes/template-loader.php(106): include()
#1 /Users/gaspersimec/Local Sites/fictional-university/app/public/wp-blog-header.php(19): require_once('/Users/gaspersi...')
#2 /Users/gaspersimec/Local Sites/fictional-university/app/public/index.php(17): require('/Users/gaspersi...')
#3 {main}
  thrown in /Users/gaspersimec/Local Sites/fictional-university/app/public/wp-content/themes/fictional-university-theme/index.php on line 7
[30-Jun-2023 13:35:39 UTC] PHP Parse error:  syntax error, unexpected '}', expecting ';' or ',' in /Users/gaspersimec/Local Sites/fictional-university/app/public/wp-content/themes/fictional-university-theme/page.php on line 23
[30-Jun-2023 13:37:55 UTC] PHP Parse error:  syntax error, unexpected ')' in /Users/gaspersimec/Local Sites/fictional-university/app/public/wp-content/themes/fictional-university-theme/page.php on line 21
[30-Jun-2023 13:39:06 UTC] PHP Parse error:  syntax error, unexpected 'echo' (T_ECHO) in /Users/gaspersimec/Local Sites/fictional-university/app/public/wp-content/themes/fictional-university-theme/page.php on line 21
[30-Jun-2023 13:39:15 UTC] PHP Parse error:  syntax error, unexpected ';' in /Users/gaspersimec/Local Sites/fictional-university/app/public/wp-content/themes/fictional-university-theme/page.php on line 21
[30-Jun-2023 13:52:03 UTC] PHP Parse error:  syntax error, unexpected ')', expecting variable (T_VARIABLE) in /Users/gaspersimec/Local Sites/fictional-university/app/public/wp-content/themes/fictional-university-theme/index.php on line 5
[30-Jun-2023 14:32:06 UTC] PHP Parse error:  syntax error, unexpected ',' in /Users/gaspersimec/Local Sites/fictional-university/app/public/wp-content/themes/fictional-university-theme/functions.php on line 14
[30-Jun-2023 14:32:08 UTC] PHP Parse error:  syntax error, unexpected ',' in /Users/gaspersimec/Local Sites/fictional-university/app/public/wp-content/themes/fictional-university-theme/functions.php on line 14
[30-Jun-2023 14:32:08 UTC] PHP Parse error:  syntax error, unexpected ',' in /Users/gaspersimec/Local Sites/fictional-university/app/public/wp-content/themes/fictional-university-theme/functions.php on line 14
[30-Jun-2023 14:50:02 UTC] PHP Parse error:  syntax error, unexpected 'current' (T_STRING), expecting ';' or ',' in /Users/gaspersimec/Local Sites/fictional-university/app/public/wp-content/themes/fictional-university-theme/header.php on line 17
[30-Jun-2023 14:50:28 UTC] PHP Parse error:  syntax error, unexpected 'current' (T_STRING), expecting ';' or ',' in /Users/gaspersimec/Local Sites/fictional-university/app/public/wp-content/themes/fictional-university-theme/header.php on line 17
[30-Jun-2023 14:50:28 UTC] PHP Parse error:  syntax error, unexpected 'current' (T_STRING), expecting ';' or ',' in /Users/gaspersimec/Local Sites/fictional-university/app/public/wp-content/themes/fictional-university-theme/header.php on line 17
[02-Jul-2023 10:15:01 UTC] PHP Parse error:  syntax error, unexpected ':' in /Users/gaspersimec/Local Sites/fictional-university/app/public/wp-content/themes/fictional-university-theme/index.php on line 20
[02-Jul-2023 10:19:10 UTC] PHP Parse error:  syntax error, unexpected end of file, expecting variable (T_VARIABLE) or ${ (T_DOLLAR_OPEN_CURLY_BRACES) or {$ (T_CURLY_OPEN) in /Users/gaspersimec/Local Sites/fictional-university/app/public/wp-content/themes/fictional-university-theme/index.php on line 38
[02-Jul-2023 11:20:48 UTC] PHP Parse error:  syntax error, unexpected '=>' (T_DOUBLE_ARROW) in /Users/gaspersimec/Local Sites/fictional-university/app/public/wp-content/themes/fictional-university-theme/front-page.php on line 52
[02-Jul-2023 11:31:56 UTC] PHP Parse error:  syntax error, unexpected '/' in /Users/gaspersimec/Local Sites/fictional-university/app/public/wp-content/themes/fictional-university-theme/front-page.php on line 67
[04-Jul-2023 12:53:51 UTC] PHP Parse error:  syntax error, unexpected '}' in /Users/gaspersimec/Local Sites/fictional-university/app/public/wp-content/themes/fictional-university-theme/functions.php on line 21
[04-Jul-2023 13:10:10 UTC] PHP Parse error:  syntax error, unexpected '"add_new_item"' (T_CONSTANT_ENCAPSED_STRING), expecting ')' in /Users/gaspersimec/Local Sites/fictional-university/app/public/wp-content/themes/fictional-university-theme/functions.php on line 24
[04-Jul-2023 13:10:12 UTC] PHP Parse error:  syntax error, unexpected '"add_new_item"' (T_CONSTANT_ENCAPSED_STRING), expecting ')' in /Users/gaspersimec/Local Sites/fictional-university/app/public/wp-content/themes/fictional-university-theme/functions.php on line 24
[04-Jul-2023 13:28:17 UTC] PHP Fatal error:  Uncaught Error: Call to a member function the_post() on null in /Users/gaspersimec/Local Sites/fictional-university/app/public/wp-content/themes/fictional-university-theme/front-page.php:25
Stack trace:
#0 /Users/gaspersimec/Local Sites/fictional-university/app/public/wp-includes/template-loader.php(106): include()
#1 /Users/gaspersimec/Local Sites/fictional-university/app/public/wp-blog-header.php(19): require_once('/Users/gaspersi...')
#2 /Users/gaspersimec/Local Sites/fictional-university/app/public/index.php(17): require('/Users/gaspersi...')
#3 {main}
  thrown in /Users/gaspersimec/Local Sites/fictional-university/app/public/wp-content/themes/fictional-university-theme/front-page.php on line 25
[04-Jul-2023 13:43:18 UTC] PHP Fatal error:  Cannot redeclare university_post_types() (previously declared in /Users/gaspersimec/Local Sites/fictional-university/app/public/wp-content/mu-plugins/university-post-types.php:3) in /Users/gaspersimec/Local Sites/fictional-university/app/public/wp-content/themes/fictional-university-theme/functions.php on line 19
[04-Jul-2023 13:43:18 UTC] PHP Stack trace:
[04-Jul-2023 13:43:18 UTC] PHP   1. {main}() /Users/gaspersimec/Local Sites/fictional-university/app/public/index.php:0
[04-Jul-2023 13:43:18 UTC] PHP   2. require() /Users/gaspersimec/Local Sites/fictional-university/app/public/index.php:17
[04-Jul-2023 13:43:18 UTC] PHP   3. require_once() /Users/gaspersimec/Local Sites/fictional-university/app/public/wp-blog-header.php:13
[04-Jul-2023 13:43:18 UTC] PHP   4. require_once() /Users/gaspersimec/Local Sites/fictional-university/app/public/wp-load.php:50
[04-Jul-2023 13:43:18 UTC] PHP   5. require_once() /Users/gaspersimec/Local Sites/fictional-university/app/public/wp-config.php:91
[04-Jul-2023 13:55:44 UTC] PHP Fatal error:  Uncaught ArgumentCountError: Too few arguments to function get_post_type_archive_link(), 0 passed in /Users/gaspersimec/Local Sites/fictional-university/app/public/wp-content/themes/fictional-university-theme/single-event.php on line 19 and exactly 1 expected in /Users/gaspersimec/Local Sites/fictional-university/app/public/wp-includes/link-template.php:1298
Stack trace:
#0 /Users/gaspersimec/Local Sites/fictional-university/app/public/wp-content/themes/fictional-university-theme/single-event.php(19): get_post_type_archive_link()
#1 /Users/gaspersimec/Local Sites/fictional-university/app/public/wp-includes/template-loader.php(106): include('/Users/gaspersi...')
#2 /Users/gaspersimec/Local Sites/fictional-university/app/public/wp-blog-header.php(19): require_once('/Users/gaspersi...')
#3 /Users/gaspersimec/Local Sites/fictional-university/app/public/index.php(17): require('/Users/gaspersi...')
#4 {main}
  thrown in /Users/gaspersimec/Local Sites/fictional-university/app/public/wp-includes/link-template.php on line 1298
[04-Jul-2023 13:55:56 UTC] PHP Fatal error:  Uncaught ArgumentCountError: Too few arguments to function get_post_type_archive_link(), 0 passed in /Users/gaspersimec/Local Sites/fictional-university/app/public/wp-content/themes/fictional-university-theme/single-event.php on line 19 and exactly 1 expected in /Users/gaspersimec/Local Sites/fictional-university/app/public/wp-includes/link-template.php:1298
Stack trace:
#0 /Users/gaspersimec/Local Sites/fictional-university/app/public/wp-content/themes/fictional-university-theme/single-event.php(19): get_post_type_archive_link()
#1 /Users/gaspersimec/Local Sites/fictional-university/app/public/wp-includes/template-loader.php(106): include('/Users/gaspersi...')
#2 /Users/gaspersimec/Local Sites/fictional-university/app/public/wp-blog-header.php(19): require_once('/Users/gaspersi...')
#3 /Users/gaspersimec/Local Sites/fictional-university/app/public/index.php(17): require('/Users/gaspersi...')
#4 {main}
  thrown in /Users/gaspersimec/Local Sites/fictional-university/app/public/wp-includes/link-template.php on line 1298
[04-Jul-2023 14:02:28 UTC] PHP Parse error:  syntax error, unexpected 'else' (T_ELSE) in /Users/gaspersimec/Local Sites/fictional-university/app/public/wp-content/themes/fictional-university-theme/front-page.php on line 63
[05-Jul-2023 18:40:54 UTC] PHP Parse error:  syntax error, unexpected '=>' (T_DOUBLE_ARROW) in /Users/gaspersimec/Local Sites/fictional-university/app/public/wp-content/themes/fictional-university-theme/front-page.php on line 19
[05-Jul-2023 19:22:27 UTC] PHP Warning:  Use of undefined constant max_num_pages - assumed 'max_num_pages' (this will throw an Error in a future version of PHP) in /Users/gaspersimec/Local Sites/fictional-university/app/public/wp-content/themes/fictional-university-theme/page-past-events.php on line 19
[05-Jul-2023 19:22:27 UTC] PHP Stack trace:
[05-Jul-2023 19:22:27 UTC] PHP   1. {main}() /Users/gaspersimec/Local Sites/fictional-university/app/public/index.php:0
[05-Jul-2023 19:22:27 UTC] PHP   2. require() /Users/gaspersimec/Local Sites/fictional-university/app/public/index.php:17
[05-Jul-2023 19:22:27 UTC] PHP   3. require_once() /Users/gaspersimec/Local Sites/fictional-university/app/public/wp-blog-header.php:19
[05-Jul-2023 19:22:27 UTC] PHP   4. include() /Users/gaspersimec/Local Sites/fictional-university/app/public/wp-includes/template-loader.php:106
[06-Jul-2023 09:20:14 UTC] PHP Parse error:  syntax error, unexpected '}', expecting ';' or ',' in /Users/gaspersimec/Local Sites/fictional-university/app/public/wp-content/themes/fictional-university-theme/single-event.php on line 31
[06-Jul-2023 09:24:42 UTC] PHP Parse error:  syntax error, unexpected 'echo' (T_ECHO), expecting ';' or ',' in /Users/gaspersimec/Local Sites/fictional-university/app/public/wp-content/themes/fictional-university-theme/single-event.php on line 30
[06-Jul-2023 09:24:48 UTC] PHP Parse error:  syntax error, unexpected 'echo' (T_ECHO), expecting ';' or ',' in /Users/gaspersimec/Local Sites/fictional-university/app/public/wp-content/themes/fictional-university-theme/single-event.php on line 30
[06-Jul-2023 09:49:51 UTC] PHP Parse error:  syntax error, unexpected 'while' (T_WHILE), expecting ';' or ',' in /Users/gaspersimec/Local Sites/fictional-university/app/public/wp-content/themes/fictional-university-theme/single-program.php on line 50
[06-Jul-2023 13:01:11 UTC] PHP Parse error:  syntax error, unexpected 'get_the_title' (T_STRING), expecting ';' or ',' in /Users/gaspersimec/Local Sites/fictional-university/app/public/wp-content/themes/fictional-university-theme/single-program.php on line 43
[06-Jul-2023 13:28:43 UTC] PHP Parse error:  syntax error, unexpected '}', expecting ';' or ',' in /Users/gaspersimec/Local Sites/fictional-university/app/public/wp-content/themes/fictional-university-theme/single-program.php on line 57
[06-Jul-2023 14:31:10 UTC] WordPress database error Server shutdown in progress for query SELECT option_value FROM wp_options WHERE option_name = 'nonce_key' LIMIT 1 made by include('phar:///Applications/Local.app/Contents/Resources/extraResources/bin/wp-cli/wp-cli.phar/php/boot-phar.php'), include('phar:///Applications/Local.app/Contents/Resources/extraResources/bin/wp-cli/wp-cli.phar/vendor/wp-cli/wp-cli/php/wp-cli.php'), WP_CLI\bootstrap, WP_CLI\Bootstrap\LaunchRunner->process, WP_CLI\Runner->start, WP_CLI\Runner->load_wordpress, require('wp-settings.php'), do_action('init'), WP_Hook->do_action, WP_Hook->apply_filters, wp_widgets_init, do_action('widgets_init'), WP_Hook->do_action, WP_Hook->apply_filters, WP_Widget_Factory->_register_widgets, WP_Widget->_register, WP_Widget_Text->_register_one, wp_add_inline_script, wp_scripts, WP_Scripts->__construct, WP_Scripts->init, do_action_ref_array('wp_default_scripts'), WP_Hook->do_action, WP_Hook->apply_filters, wp_default_scripts, wp_create_nonce, wp_hash, wp_salt, get_site_option, get_network_option, get_option
[06-Jul-2023 14:31:10 UTC] WordPress database error Server shutdown in progress for query SELECT option_value FROM wp_options WHERE option_name = 'nonce_key' LIMIT 1 made by include('phar:///Applications/Local.app/Contents/Resources/extraResources/bin/wp-cli/wp-cli.phar/php/boot-phar.php'), include('phar:///Applications/Local.app/Contents/Resources/extraResources/bin/wp-cli/wp-cli.phar/vendor/wp-cli/wp-cli/php/wp-cli.php'), WP_CLI\bootstrap, WP_CLI\Bootstrap\LaunchRunner->process, WP_CLI\Runner->start, WP_CLI\Runner->load_wordpress, require('wp-settings.php'), do_action('init'), WP_Hook->do_action, WP_Hook->apply_filters, wp_widgets_init, do_action('widgets_init'), WP_Hook->do_action, WP_Hook->apply_filters, WP_Widget_Factory->_register_widgets, WP_Widget->_register, WP_Widget_Text->_register_one, wp_add_inline_script, wp_scripts, WP_Scripts->__construct, WP_Scripts->init, do_action_ref_array('wp_default_scripts'), WP_Hook->do_action, WP_Hook->apply_filters, wp_default_scripts, wp_create_nonce, wp_hash, wp_salt, get_site_option, get_network_option, get_option
[07-Jul-2023 08:14:05 UTC] WordPress database error Server shutdown in progress for query UPDATE `wp_options` SET `option_value` = 'O:8:\"stdClass\":4:{s:7:\"updates\";a:1:{i:0;O:8:\"stdClass\":10:{s:8:\"response\";s:6:\"latest\";s:8:\"download\";s:59:\"https://downloads.wordpress.org/release/wordpress-6.2.2.zip\";s:6:\"locale\";s:5:\"en_US\";s:8:\"packages\";O:8:\"stdClass\":5:{s:4:\"full\";s:59:\"https://downloads.wordpress.org/release/wordpress-6.2.2.zip\";s:10:\"no_content\";s:70:\"https://downloads.wordpress.org/release/wordpress-6.2.2-no-content.zip\";s:11:\"new_bundled\";s:71:\"https://downloads.wordpress.org/release/wordpress-6.2.2-new-bundled.zip\";s:7:\"partial\";s:0:\"\";s:8:\"rollback\";s:0:\"\";}s:7:\"current\";s:5:\"6.2.2\";s:7:\"version\";s:5:\"6.2.2\";s:11:\"php_version\";s:6:\"5.6.20\";s:13:\"mysql_version\";s:3:\"5.0\";s:11:\"new_bundled\";s:3:\"6.1\";s:15:\"partial_version\";s:0:\"\";}}s:12:\"last_checked\";i:1688717645;s:15:\"version_checked\";s:5:\"6.2.2\";s:12:\"translations\";a:0:{}}', `autoload` = 'no' WHERE `option_name` = '_site_transient_update_core' made by include('phar:///Applications/Local.app/Contents/Resources/extraResources/bin/wp-cli/wp-cli.phar/php/boot-phar.php'), include('phar:///Applications/Local.app/Contents/Resources/extraResources/bin/wp-cli/wp-cli.phar/vendor/wp-cli/wp-cli/php/wp-cli.php'), WP_CLI\bootstrap, WP_CLI\Bootstrap\LaunchRunner->process, WP_CLI\Runner->start, WP_CLI\Runner->run_command_and_exit, WP_CLI\Runner->run_command, WP_CLI\Dispatcher\Subcommand->invoke, call_user_func, WP_CLI\Dispatcher\CommandFactory::WP_CLI\Dispatcher\{closure}, call_user_func, Core_Command->check_update, Core_Command->get_updates, wp_version_check, set_site_transient, update_site_option, update_network_option, update_option
[07-Jul-2023 10:31:25 UTC] PHP Warning:  Use of undefined constant title - assumed 'title' (this will throw an Error in a future version of PHP) in /Users/gaspersimec/Local Sites/fictional-university/app/public/wp-content/themes/fictional-university-theme/functions.php on line 8
[07-Jul-2023 10:31:25 UTC] PHP Stack trace:
[07-Jul-2023 10:31:25 UTC] PHP   1. {main}() /Users/gaspersimec/Local Sites/fictional-university/app/public/index.php:0
[07-Jul-2023 10:31:25 UTC] PHP   2. require() /Users/gaspersimec/Local Sites/fictional-university/app/public/index.php:17
[07-Jul-2023 10:31:25 UTC] PHP   3. require_once() /Users/gaspersimec/Local Sites/fictional-university/app/public/wp-blog-header.php:19
[07-Jul-2023 10:31:25 UTC] PHP   4. include() /Users/gaspersimec/Local Sites/fictional-university/app/public/wp-includes/template-loader.php:106
[07-Jul-2023 10:31:25 UTC] PHP   5. pageBanner() /Users/gaspersimec/Local Sites/fictional-university/app/public/wp-content/themes/fictional-university-theme/page.php:8
[07-Jul-2023 10:31:35 UTC] PHP Warning:  Use of undefined constant title - assumed 'title' (this will throw an Error in a future version of PHP) in /Users/gaspersimec/Local Sites/fictional-university/app/public/wp-content/themes/fictional-university-theme/functions.php on line 8
[07-Jul-2023 10:31:35 UTC] PHP Stack trace:
[07-Jul-2023 10:31:35 UTC] PHP   1. {main}() /Users/gaspersimec/Local Sites/fictional-university/app/public/index.php:0
[07-Jul-2023 10:31:35 UTC] PHP   2. require() /Users/gaspersimec/Local Sites/fictional-university/app/public/index.php:17
[07-Jul-2023 10:31:35 UTC] PHP   3. require_once() /Users/gaspersimec/Local Sites/fictional-university/app/public/wp-blog-header.php:19
[07-Jul-2023 10:31:35 UTC] PHP   4. include() /Users/gaspersimec/Local Sites/fictional-university/app/public/wp-includes/template-loader.php:106
[07-Jul-2023 10:31:35 UTC] PHP   5. pageBanner() /Users/gaspersimec/Local Sites/fictional-university/app/public/wp-content/themes/fictional-university-theme/page.php:8
[07-Jul-2023 10:31:36 UTC] PHP Warning:  Use of undefined constant title - assumed 'title' (this will throw an Error in a future version of PHP) in /Users/gaspersimec/Local Sites/fictional-university/app/public/wp-content/themes/fictional-university-theme/functions.php on line 8
[07-Jul-2023 10:31:36 UTC] PHP Stack trace:
[07-Jul-2023 10:31:36 UTC] PHP   1. {main}() /Users/gaspersimec/Local Sites/fictional-university/app/public/index.php:0
[07-Jul-2023 10:31:36 UTC] PHP   2. require() /Users/gaspersimec/Local Sites/fictional-university/app/public/index.php:17
[07-Jul-2023 10:31:36 UTC] PHP   3. require_once() /Users/gaspersimec/Local Sites/fictional-university/app/public/wp-blog-header.php:19
[07-Jul-2023 10:31:36 UTC] PHP   4. include() /Users/gaspersimec/Local Sites/fictional-university/app/public/wp-includes/template-loader.php:106
[07-Jul-2023 10:31:36 UTC] PHP   5. pageBanner() /Users/gaspersimec/Local Sites/fictional-university/app/public/wp-content/themes/fictional-university-theme/page.php:8
[07-Jul-2023 10:32:40 UTC] PHP Parse error:  syntax error, unexpected '"title"' (T_CONSTANT_ENCAPSED_STRING), expecting identifier (T_STRING) or variable (T_VARIABLE) or '{' or '$' in /Users/gaspersimec/Local Sites/fictional-university/app/public/wp-content/themes/fictional-university-theme/functions.php on line 8
[07-Jul-2023 10:32:41 UTC] PHP Parse error:  syntax error, unexpected '"title"' (T_CONSTANT_ENCAPSED_STRING), expecting identifier (T_STRING) or variable (T_VARIABLE) or '{' or '$' in /Users/gaspersimec/Local Sites/fictional-university/app/public/wp-content/themes/fictional-university-theme/functions.php on line 8
[07-Jul-2023 10:32:42 UTC] PHP Parse error:  syntax error, unexpected '"title"' (T_CONSTANT_ENCAPSED_STRING), expecting identifier (T_STRING) or variable (T_VARIABLE) or '{' or '$' in /Users/gaspersimec/Local Sites/fictional-university/app/public/wp-content/themes/fictional-university-theme/functions.php on line 8
[07-Jul-2023 10:44:23 UTC] PHP Parse error:  syntax error, unexpected ')' in /Users/gaspersimec/Local Sites/fictional-university/app/public/wp-content/themes/fictional-university-theme/page.php on line 7
[07-Jul-2023 10:44:35 UTC] PHP Fatal error:  Uncaught ArgumentCountError: Too few arguments to function pageBanner(), 0 passed in /Users/gaspersimec/Local Sites/fictional-university/app/public/wp-content/themes/fictional-university-theme/page.php on line 7 and exactly 1 expected in /Users/gaspersimec/Local Sites/fictional-university/app/public/wp-content/themes/fictional-university-theme/functions.php:3
Stack trace:
#0 /Users/gaspersimec/Local Sites/fictional-university/app/public/wp-content/themes/fictional-university-theme/page.php(7): pageBanner()
#1 /Users/gaspersimec/Local Sites/fictional-university/app/public/wp-includes/template-loader.php(106): include('/Users/gaspersi...')
#2 /Users/gaspersimec/Local Sites/fictional-university/app/public/wp-blog-header.php(19): require_once('/Users/gaspersi...')
#3 /Users/gaspersimec/Local Sites/fictional-university/app/public/index.php(17): require('/Users/gaspersi...')
#4 {main}
  thrown in /Users/gaspersimec/Local Sites/fictional-university/app/public/wp-content/themes/fictional-university-theme/functions.php on line 3
[09-Jul-2023 14:06:52 UTC] PHP Parse error:  syntax error, unexpected ';', expecting ')' in /Users/gaspersimec/Local Sites/fictional-university/app/public/wp-content/themes/fictional-university-theme/functions.php on line 42
[09-Jul-2023 14:06:52 UTC] PHP Parse error:  syntax error, unexpected ';', expecting ')' in /Users/gaspersimec/Local Sites/fictional-university/app/public/wp-content/themes/fictional-university-theme/functions.php on line 42
[09-Jul-2023 14:06:56 UTC] PHP Parse error:  syntax error, unexpected ';', expecting ')' in /Users/gaspersimec/Local Sites/fictional-university/app/public/wp-content/themes/fictional-university-theme/functions.php on line 42
[09-Jul-2023 14:06:56 UTC] PHP Parse error:  syntax error, unexpected ';', expecting ')' in /Users/gaspersimec/Local Sites/fictional-university/app/public/wp-content/themes/fictional-university-theme/functions.php on line 42
[09-Jul-2023 18:31:50 UTC] PHP Parse error:  syntax error, unexpected '"callback"' (T_CONSTANT_ENCAPSED_STRING), expecting ')' in /Users/gaspersimec/Local Sites/fictional-university/app/public/wp-content/themes/fictional-university-theme/inc/search-route.php on line 6
[09-Jul-2023 18:32:32 UTC] PHP Parse error:  syntax error, unexpected '"callback"' (T_CONSTANT_ENCAPSED_STRING), expecting ')' in /Users/gaspersimec/Local Sites/fictional-university/app/public/wp-content/themes/fictional-university-theme/inc/search-route.php on line 6
[09-Jul-2023 18:32:38 UTC] PHP Parse error:  syntax error, unexpected '"callback"' (T_CONSTANT_ENCAPSED_STRING), expecting ')' in /Users/gaspersimec/Local Sites/fictional-university/app/public/wp-content/themes/fictional-university-theme/inc/search-route.php on line 6
[09-Jul-2023 18:42:52 UTC] PHP Parse error:  syntax error, unexpected '}', expecting ';' in /Users/gaspersimec/Local Sites/fictional-university/app/public/wp-content/themes/fictional-university-theme/inc/search-route.php on line 16
[09-Jul-2023 18:42:53 UTC] PHP Parse error:  syntax error, unexpected '}', expecting ';' in /Users/gaspersimec/Local Sites/fictional-university/app/public/wp-content/themes/fictional-university-theme/inc/search-route.php on line 16
[09-Jul-2023 18:56:15 UTC] PHP Warning:  Use of undefined constant term - assumed 'term' (this will throw an Error in a future version of PHP) in /Users/gaspersimec/Local Sites/fictional-university/app/public/wp-content/themes/fictional-university-theme/inc/search-route.php on line 13
[09-Jul-2023 18:56:15 UTC] PHP Stack trace:
[09-Jul-2023 18:56:15 UTC] PHP   1. {main}() /Users/gaspersimec/Local Sites/fictional-university/app/public/index.php:0
[09-Jul-2023 18:56:15 UTC] PHP   2. require() /Users/gaspersimec/Local Sites/fictional-university/app/public/index.php:17
[09-Jul-2023 18:56:15 UTC] PHP   3. wp() /Users/gaspersimec/Local Sites/fictional-university/app/public/wp-blog-header.php:16
[09-Jul-2023 18:56:15 UTC] PHP   4. WP->main() /Users/gaspersimec/Local Sites/fictional-university/app/public/wp-includes/functions.php:1334
[09-Jul-2023 18:56:15 UTC] PHP   5. WP->parse_request() /Users/gaspersimec/Local Sites/fictional-university/app/public/wp-includes/class-wp.php:780
[09-Jul-2023 18:56:15 UTC] PHP   6. do_action_ref_array() /Users/gaspersimec/Local Sites/fictional-university/app/public/wp-includes/class-wp.php:399
[09-Jul-2023 18:56:15 UTC] PHP   7. WP_Hook->do_action() /Users/gaspersimec/Local Sites/fictional-university/app/public/wp-includes/plugin.php:565
[09-Jul-2023 18:56:15 UTC] PHP   8. WP_Hook->apply_filters() /Users/gaspersimec/Local Sites/fictional-university/app/public/wp-includes/class-wp-hook.php:332
[09-Jul-2023 18:56:15 UTC] PHP   9. rest_api_loaded() /Users/gaspersimec/Local Sites/fictional-university/app/public/wp-includes/class-wp-hook.php:308
[09-Jul-2023 18:56:15 UTC] PHP  10. WP_REST_Server->serve_request() /Users/gaspersimec/Local Sites/fictional-university/app/public/wp-includes/rest-api.php:410
[09-Jul-2023 18:56:15 UTC] PHP  11. WP_REST_Server->dispatch() /Users/gaspersimec/Local Sites/fictional-university/app/public/wp-includes/rest-api/class-wp-rest-server.php:442
[09-Jul-2023 18:56:15 UTC] PHP  12. WP_REST_Server->respond_to_request() /Users/gaspersimec/Local Sites/fictional-university/app/public/wp-includes/rest-api/class-wp-rest-server.php:1028
[09-Jul-2023 18:56:15 UTC] PHP  13. universitySearchResults() /Users/gaspersimec/Local Sites/fictional-university/app/public/wp-includes/rest-api/class-wp-rest-server.php:1181
[09-Jul-2023 18:56:15 UTC] PHP Warning:  Cannot modify header information - headers already sent by (output started at /Users/gaspersimec/Local Sites/fictional-university/app/public/wp-content/themes/fictional-university-theme/inc/search-route.php:13) in /Users/gaspersimec/Local Sites/fictional-university/app/public/wp-includes/rest-api/class-wp-rest-server.php on line 1762
[09-Jul-2023 18:56:15 UTC] PHP Stack trace:
[09-Jul-2023 18:56:15 UTC] PHP   1. {main}() /Users/gaspersimec/Local Sites/fictional-university/app/public/index.php:0
[09-Jul-2023 18:56:15 UTC] PHP   2. require() /Users/gaspersimec/Local Sites/fictional-university/app/public/index.php:17
[09-Jul-2023 18:56:15 UTC] PHP   3. wp() /Users/gaspersimec/Local Sites/fictional-university/app/public/wp-blog-header.php:16
[09-Jul-2023 18:56:15 UTC] PHP   4. WP->main() /Users/gaspersimec/Local Sites/fictional-university/app/public/wp-includes/functions.php:1334
[09-Jul-2023 18:56:15 UTC] PHP   5. WP->parse_request() /Users/gaspersimec/Local Sites/fictional-university/app/public/wp-includes/class-wp.php:780
[09-Jul-2023 18:56:15 UTC] PHP   6. do_action_ref_array() /Users/gaspersimec/Local Sites/fictional-university/app/public/wp-includes/class-wp.php:399
[09-Jul-2023 18:56:15 UTC] PHP   7. WP_Hook->do_action() /Users/gaspersimec/Local Sites/fictional-university/app/public/wp-includes/plugin.php:565
[09-Jul-2023 18:56:15 UTC] PHP   8. WP_Hook->apply_filters() /Users/gaspersimec/Local Sites/fictional-university/app/public/wp-includes/class-wp-hook.php:332
[09-Jul-2023 18:56:15 UTC] PHP   9. rest_api_loaded() /Users/gaspersimec/Local Sites/fictional-university/app/public/wp-includes/class-wp-hook.php:308
[09-Jul-2023 18:56:15 UTC] PHP  10. WP_REST_Server->serve_request() /Users/gaspersimec/Local Sites/fictional-university/app/public/wp-includes/rest-api.php:410
[09-Jul-2023 18:56:15 UTC] PHP  11. WP_REST_Server->send_headers() /Users/gaspersimec/Local Sites/fictional-university/app/public/wp-includes/rest-api/class-wp-rest-server.php:475
[09-Jul-2023 18:56:15 UTC] PHP  12. WP_REST_Server->send_header() /Users/gaspersimec/Local Sites/fictional-university/app/public/wp-includes/rest-api/class-wp-rest-server.php:1774
[09-Jul-2023 18:56:15 UTC] PHP  13. header() /Users/gaspersimec/Local Sites/fictional-university/app/public/wp-includes/rest-api/class-wp-rest-server.php:1762
[09-Jul-2023 18:56:29 UTC] PHP Warning:  Use of undefined constant term - assumed 'term' (this will throw an Error in a future version of PHP) in /Users/gaspersimec/Local Sites/fictional-university/app/public/wp-content/themes/fictional-university-theme/inc/search-route.php on line 13
[09-Jul-2023 18:56:29 UTC] PHP Stack trace:
[09-Jul-2023 18:56:29 UTC] PHP   1. {main}() /Users/gaspersimec/Local Sites/fictional-university/app/public/index.php:0
[09-Jul-2023 18:56:29 UTC] PHP   2. require() /Users/gaspersimec/Local Sites/fictional-university/app/public/index.php:17
[09-Jul-2023 18:56:29 UTC] PHP   3. wp() /Users/gaspersimec/Local Sites/fictional-university/app/public/wp-blog-header.php:16
[09-Jul-2023 18:56:29 UTC] PHP   4. WP->main() /Users/gaspersimec/Local Sites/fictional-university/app/public/wp-includes/functions.php:1334
[09-Jul-2023 18:56:29 UTC] PHP   5. WP->parse_request() /Users/gaspersimec/Local Sites/fictional-university/app/public/wp-includes/class-wp.php:780
[09-Jul-2023 18:56:29 UTC] PHP   6. do_action_ref_array() /Users/gaspersimec/Local Sites/fictional-university/app/public/wp-includes/class-wp.php:399
[09-Jul-2023 18:56:29 UTC] PHP   7. WP_Hook->do_action() /Users/gaspersimec/Local Sites/fictional-university/app/public/wp-includes/plugin.php:565
[09-Jul-2023 18:56:29 UTC] PHP   8. WP_Hook->apply_filters() /Users/gaspersimec/Local Sites/fictional-university/app/public/wp-includes/class-wp-hook.php:332
[09-Jul-2023 18:56:29 UTC] PHP   9. rest_api_loaded() /Users/gaspersimec/Local Sites/fictional-university/app/public/wp-includes/class-wp-hook.php:308
[09-Jul-2023 18:56:29 UTC] PHP  10. WP_REST_Server->serve_request() /Users/gaspersimec/Local Sites/fictional-university/app/public/wp-includes/rest-api.php:410
[09-Jul-2023 18:56:29 UTC] PHP  11. WP_REST_Server->dispatch() /Users/gaspersimec/Local Sites/fictional-university/app/public/wp-includes/rest-api/class-wp-rest-server.php:442
[09-Jul-2023 18:56:29 UTC] PHP  12. WP_REST_Server->respond_to_request() /Users/gaspersimec/Local Sites/fictional-university/app/public/wp-includes/rest-api/class-wp-rest-server.php:1028
[09-Jul-2023 18:56:29 UTC] PHP  13. universitySearchResults() /Users/gaspersimec/Local Sites/fictional-university/app/public/wp-includes/rest-api/class-wp-rest-server.php:1181
[09-Jul-2023 18:56:29 UTC] PHP Warning:  Cannot modify header information - headers already sent by (output started at /Users/gaspersimec/Local Sites/fictional-university/app/public/wp-content/themes/fictional-university-theme/inc/search-route.php:13) in /Users/gaspersimec/Local Sites/fictional-university/app/public/wp-includes/rest-api/class-wp-rest-server.php on line 1762
[09-Jul-2023 18:56:29 UTC] PHP Stack trace:
[09-Jul-2023 18:56:29 UTC] PHP   1. {main}() /Users/gaspersimec/Local Sites/fictional-university/app/public/index.php:0
[09-Jul-2023 18:56:29 UTC] PHP   2. require() /Users/gaspersimec/Local Sites/fictional-university/app/public/index.php:17
[09-Jul-2023 18:56:29 UTC] PHP   3. wp() /Users/gaspersimec/Local Sites/fictional-university/app/public/wp-blog-header.php:16
[09-Jul-2023 18:56:29 UTC] PHP   4. WP->main() /Users/gaspersimec/Local Sites/fictional-university/app/public/wp-includes/functions.php:1334
[09-Jul-2023 18:56:29 UTC] PHP   5. WP->parse_request() /Users/gaspersimec/Local Sites/fictional-university/app/public/wp-includes/class-wp.php:780
[09-Jul-2023 18:56:29 UTC] PHP   6. do_action_ref_array() /Users/gaspersimec/Local Sites/fictional-university/app/public/wp-includes/class-wp.php:399
[09-Jul-2023 18:56:29 UTC] PHP   7. WP_Hook->do_action() /Users/gaspersimec/Local Sites/fictional-university/app/public/wp-includes/plugin.php:565
[09-Jul-2023 18:56:29 UTC] PHP   8. WP_Hook->apply_filters() /Users/gaspersimec/Local Sites/fictional-university/app/public/wp-includes/class-wp-hook.php:332
[09-Jul-2023 18:56:29 UTC] PHP   9. rest_api_loaded() /Users/gaspersimec/Local Sites/fictional-university/app/public/wp-includes/class-wp-hook.php:308
[09-Jul-2023 18:56:29 UTC] PHP  10. WP_REST_Server->serve_request() /Users/gaspersimec/Local Sites/fictional-university/app/public/wp-includes/rest-api.php:410
[09-Jul-2023 18:56:29 UTC] PHP  11. WP_REST_Server->send_headers() /Users/gaspersimec/Local Sites/fictional-university/app/public/wp-includes/rest-api/class-wp-rest-server.php:475
[09-Jul-2023 18:56:29 UTC] PHP  12. WP_REST_Server->send_header() /Users/gaspersimec/Local Sites/fictional-university/app/public/wp-includes/rest-api/class-wp-rest-server.php:1774
[09-Jul-2023 18:56:29 UTC] PHP  13. header() /Users/gaspersimec/Local Sites/fictional-university/app/public/wp-includes/rest-api/class-wp-rest-server.php:1762
[09-Jul-2023 18:56:49 UTC] PHP Warning:  Use of undefined constant term - assumed 'term' (this will throw an Error in a future version of PHP) in /Users/gaspersimec/Local Sites/fictional-university/app/public/wp-content/themes/fictional-university-theme/inc/search-route.php on line 13
[09-Jul-2023 18:56:49 UTC] PHP Stack trace:
[09-Jul-2023 18:56:49 UTC] PHP   1. {main}() /Users/gaspersimec/Local Sites/fictional-university/app/public/index.php:0
[09-Jul-2023 18:56:49 UTC] PHP   2. require() /Users/gaspersimec/Local Sites/fictional-university/app/public/index.php:17
[09-Jul-2023 18:56:49 UTC] PHP   3. wp() /Users/gaspersimec/Local Sites/fictional-university/app/public/wp-blog-header.php:16
[09-Jul-2023 18:56:49 UTC] PHP   4. WP->main() /Users/gaspersimec/Local Sites/fictional-university/app/public/wp-includes/functions.php:1334
[09-Jul-2023 18:56:49 UTC] PHP   5. WP->parse_request() /Users/gaspersimec/Local Sites/fictional-university/app/public/wp-includes/class-wp.php:780
[09-Jul-2023 18:56:49 UTC] PHP   6. do_action_ref_array() /Users/gaspersimec/Local Sites/fictional-university/app/public/wp-includes/class-wp.php:399
[09-Jul-2023 18:56:49 UTC] PHP   7. WP_Hook->do_action() /Users/gaspersimec/Local Sites/fictional-university/app/public/wp-includes/plugin.php:565
[09-Jul-2023 18:56:49 UTC] PHP   8. WP_Hook->apply_filters() /Users/gaspersimec/Local Sites/fictional-university/app/public/wp-includes/class-wp-hook.php:332
[09-Jul-2023 18:56:49 UTC] PHP   9. rest_api_loaded() /Users/gaspersimec/Local Sites/fictional-university/app/public/wp-includes/class-wp-hook.php:308
[09-Jul-2023 18:56:49 UTC] PHP  10. WP_REST_Server->serve_request() /Users/gaspersimec/Local Sites/fictional-university/app/public/wp-includes/rest-api.php:410
[09-Jul-2023 18:56:49 UTC] PHP  11. WP_REST_Server->dispatch() /Users/gaspersimec/Local Sites/fictional-university/app/public/wp-includes/rest-api/class-wp-rest-server.php:442
[09-Jul-2023 18:56:49 UTC] PHP  12. WP_REST_Server->respond_to_request() /Users/gaspersimec/Local Sites/fictional-university/app/public/wp-includes/rest-api/class-wp-rest-server.php:1028
[09-Jul-2023 18:56:49 UTC] PHP  13. universitySearchResults() /Users/gaspersimec/Local Sites/fictional-university/app/public/wp-includes/rest-api/class-wp-rest-server.php:1181
[09-Jul-2023 18:56:49 UTC] PHP Warning:  Cannot modify header information - headers already sent by (output started at /Users/gaspersimec/Local Sites/fictional-university/app/public/wp-content/themes/fictional-university-theme/inc/search-route.php:13) in /Users/gaspersimec/Local Sites/fictional-university/app/public/wp-includes/rest-api/class-wp-rest-server.php on line 1762
[09-Jul-2023 18:56:49 UTC] PHP Stack trace:
[09-Jul-2023 18:56:49 UTC] PHP   1. {main}() /Users/gaspersimec/Local Sites/fictional-university/app/public/index.php:0
[09-Jul-2023 18:56:49 UTC] PHP   2. require() /Users/gaspersimec/Local Sites/fictional-university/app/public/index.php:17
[09-Jul-2023 18:56:49 UTC] PHP   3. wp() /Users/gaspersimec/Local Sites/fictional-university/app/public/wp-blog-header.php:16
[09-Jul-2023 18:56:49 UTC] PHP   4. WP->main() /Users/gaspersimec/Local Sites/fictional-university/app/public/wp-includes/functions.php:1334
[09-Jul-2023 18:56:49 UTC] PHP   5. WP->parse_request() /Users/gaspersimec/Local Sites/fictional-university/app/public/wp-includes/class-wp.php:780
[09-Jul-2023 18:56:49 UTC] PHP   6. do_action_ref_array() /Users/gaspersimec/Local Sites/fictional-university/app/public/wp-includes/class-wp.php:399
[09-Jul-2023 18:56:49 UTC] PHP   7. WP_Hook->do_action() /Users/gaspersimec/Local Sites/fictional-university/app/public/wp-includes/plugin.php:565
[09-Jul-2023 18:56:49 UTC] PHP   8. WP_Hook->apply_filters() /Users/gaspersimec/Local Sites/fictional-university/app/public/wp-includes/class-wp-hook.php:332
[09-Jul-2023 18:56:49 UTC] PHP   9. rest_api_loaded() /Users/gaspersimec/Local Sites/fictional-university/app/public/wp-includes/class-wp-hook.php:308
[09-Jul-2023 18:56:49 UTC] PHP  10. WP_REST_Server->serve_request() /Users/gaspersimec/Local Sites/fictional-university/app/public/wp-includes/rest-api.php:410
[09-Jul-2023 18:56:49 UTC] PHP  11. WP_REST_Server->send_headers() /Users/gaspersimec/Local Sites/fictional-university/app/public/wp-includes/rest-api/class-wp-rest-server.php:475
[09-Jul-2023 18:56:49 UTC] PHP  12. WP_REST_Server->send_header() /Users/gaspersimec/Local Sites/fictional-university/app/public/wp-includes/rest-api/class-wp-rest-server.php:1774
[09-Jul-2023 18:56:49 UTC] PHP  13. header() /Users/gaspersimec/Local Sites/fictional-university/app/public/wp-includes/rest-api/class-wp-rest-server.php:1762
[09-Jul-2023 19:01:48 UTC] PHP Parse error:  syntax error, unexpected '"s"' (T_CONSTANT_ENCAPSED_STRING), expecting ')' in /Users/gaspersimec/Local Sites/fictional-university/app/public/wp-content/themes/fictional-university-theme/inc/search-route.php on line 13
[09-Jul-2023 19:01:58 UTC] PHP Parse error:  syntax error, unexpected '"s"' (T_CONSTANT_ENCAPSED_STRING), expecting ')' in /Users/gaspersimec/Local Sites/fictional-university/app/public/wp-content/themes/fictional-university-theme/inc/search-route.php on line 13
[09-Jul-2023 19:02:05 UTC] PHP Parse error:  syntax error, unexpected '"s"' (T_CONSTANT_ENCAPSED_STRING), expecting ')' in /Users/gaspersimec/Local Sites/fictional-university/app/public/wp-content/themes/fictional-university-theme/inc/search-route.php on line 13
[09-Jul-2023 19:02:21 UTC] PHP Parse error:  syntax error, unexpected '"s"' (T_CONSTANT_ENCAPSED_STRING), expecting ')' in /Users/gaspersimec/Local Sites/fictional-university/app/public/wp-content/themes/fictional-university-theme/inc/search-route.php on line 13
[09-Jul-2023 19:02:54 UTC] PHP Parse error:  syntax error, unexpected '"s"' (T_CONSTANT_ENCAPSED_STRING), expecting ')' in /Users/gaspersimec/Local Sites/fictional-university/app/public/wp-content/themes/fictional-university-theme/inc/search-route.php on line 13
[09-Jul-2023 19:02:54 UTC] PHP Parse error:  syntax error, unexpected '"s"' (T_CONSTANT_ENCAPSED_STRING), expecting ')' in /Users/gaspersimec/Local Sites/fictional-university/app/public/wp-content/themes/fictional-university-theme/inc/search-route.php on line 13
[11-Jul-2023 12:21:18 UTC] PHP Parse error:  syntax error, unexpected 'while' (T_WHILE) in /Users/gaspersimec/Local Sites/fictional-university/app/public/wp-content/themes/fictional-university-theme/inc/search-route.php on line 79
[11-Jul-2023 12:21:18 UTC] PHP Parse error:  syntax error, unexpected 'while' (T_WHILE) in /Users/gaspersimec/Local Sites/fictional-university/app/public/wp-content/themes/fictional-university-theme/inc/search-route.php on line 79
[11-Jul-2023 12:21:38 UTC] PHP Parse error:  syntax error, unexpected 'while' (T_WHILE) in /Users/gaspersimec/Local Sites/fictional-university/app/public/wp-content/themes/fictional-university-theme/inc/search-route.php on line 79
[11-Jul-2023 12:21:38 UTC] PHP Parse error:  syntax error, unexpected 'while' (T_WHILE) in /Users/gaspersimec/Local Sites/fictional-university/app/public/wp-content/themes/fictional-university-theme/inc/search-route.php on line 79
[11-Jul-2023 12:22:17 UTC] PHP Parse error:  syntax error, unexpected 'array_values' (T_STRING) in /Users/gaspersimec/Local Sites/fictional-university/app/public/wp-content/themes/fictional-university-theme/inc/search-route.php on line 90
[11-Jul-2023 12:22:17 UTC] PHP Parse error:  syntax error, unexpected 'array_values' (T_STRING) in /Users/gaspersimec/Local Sites/fictional-university/app/public/wp-content/themes/fictional-university-theme/inc/search-route.php on line 90
