[28-Jun-2023 17:39:15] NOTICE: fpm is running, pid 31311
[28-Jun-2023 17:39:15] NOTICE: ready to handle connections
[28-Jun-2023 19:03:07] NOTICE: Terminating ...
[28-Jun-2023 19:03:07] NOTICE: Terminating ...
[28-Jun-2023 19:03:07] NOTICE: exiting, bye-bye!
[28-Jun-2023 19:03:33] NOTICE: fpm is running, pid 33176
[28-Jun-2023 19:03:33] NOTICE: ready to handle connections
[28-Jun-2023 19:45:18] NOTICE: Terminating ...
[28-Jun-2023 19:45:18] NOTICE: Terminating ...
[28-Jun-2023 19:45:18] NOTICE: exiting, bye-bye!
[29-Jun-2023 21:25:26] NOTICE: fpm is running, pid 3331
[29-Jun-2023 21:25:26] NOTICE: ready to handle connections
[29-Jun-2023 22:34:53] NOTICE: Terminating ...
[29-Jun-2023 22:34:53] NOTICE: Terminating ...
[29-Jun-2023 22:34:53] NOTICE: exiting, bye-bye!
[30-Jun-2023 15:09:48] NOTICE: fpm is running, pid 5960
[30-Jun-2023 15:09:48] NOTICE: ready to handle connections
[30-Jun-2023 16:53:54] NOTICE: Terminating ...
[30-Jun-2023 16:53:54] NOTICE: Terminating ...
[30-Jun-2023 16:53:54] NOTICE: exiting, bye-bye!
[02-Jul-2023 12:01:14] NOTICE: fpm is running, pid 9760
[02-Jul-2023 12:01:14] NOTICE: ready to handle connections
[02-Jul-2023 15:06:55] NOTICE: Terminating ...
[02-Jul-2023 15:06:55] NOTICE: Terminating ...
[02-Jul-2023 15:06:55] NOTICE: exiting, bye-bye!
[03-Jul-2023 19:33:31] NOTICE: fpm is running, pid 7528
[03-Jul-2023 19:33:31] NOTICE: ready to handle connections
[03-Jul-2023 19:38:46] NOTICE: Terminating ...
[03-Jul-2023 19:38:46] NOTICE: Terminating ...
[03-Jul-2023 19:38:46] NOTICE: exiting, bye-bye!
[04-Jul-2023 14:48:33] NOTICE: fpm is running, pid 10353
[04-Jul-2023 14:48:33] NOTICE: ready to handle connections
[04-Jul-2023 16:20:07] NOTICE: Terminating ...
[04-Jul-2023 16:20:07] NOTICE: Terminating ...
[04-Jul-2023 16:20:07] NOTICE: exiting, bye-bye!
[05-Jul-2023 19:39:39] NOTICE: fpm is running, pid 12647
[05-Jul-2023 19:39:39] NOTICE: ready to handle connections
[05-Jul-2023 22:23:57] NOTICE: Terminating ...
[05-Jul-2023 22:23:57] NOTICE: Terminating ...
[05-Jul-2023 22:23:57] NOTICE: exiting, bye-bye!
[06-Jul-2023 10:49:09] NOTICE: fpm is running, pid 15344
[06-Jul-2023 10:49:09] NOTICE: ready to handle connections
[06-Jul-2023 12:14:06] NOTICE: Terminating ...
[06-Jul-2023 12:14:06] NOTICE: Terminating ...
[06-Jul-2023 12:14:06] NOTICE: exiting, bye-bye!
[06-Jul-2023 14:43:58] NOTICE: fpm is running, pid 17882
[06-Jul-2023 14:43:58] NOTICE: ready to handle connections
[06-Jul-2023 16:31:10] NOTICE: Terminating ...
[06-Jul-2023 16:31:10] NOTICE: Terminating ...
[06-Jul-2023 16:31:10] NOTICE: Terminating ...
[06-Jul-2023 16:31:10] NOTICE: exiting, bye-bye!
[07-Jul-2023 10:14:03] NOTICE: fpm is running, pid 20028
[07-Jul-2023 10:14:03] NOTICE: ready to handle connections
[07-Jul-2023 10:14:04] NOTICE: Terminating ...
[07-Jul-2023 10:14:04] NOTICE: Terminating ...
[07-Jul-2023 10:14:04] NOTICE: exiting, bye-bye!
[07-Jul-2023 10:14:08] NOTICE: fpm is running, pid 20056
[07-Jul-2023 10:14:08] NOTICE: ready to handle connections
[07-Jul-2023 17:51:38] NOTICE: Terminating ...
[07-Jul-2023 17:51:38] NOTICE: Terminating ...
[07-Jul-2023 17:51:38] NOTICE: exiting, bye-bye!
[09-Jul-2023 15:03:06] NOTICE: fpm is running, pid 28140
[09-Jul-2023 15:03:06] NOTICE: ready to handle connections
[09-Jul-2023 17:12:28] NOTICE: Terminating ...
[09-Jul-2023 17:12:28] NOTICE: Terminating ...
[09-Jul-2023 17:12:28] NOTICE: exiting, bye-bye!
[09-Jul-2023 19:55:30] NOTICE: fpm is running, pid 30899
[09-Jul-2023 19:55:30] NOTICE: ready to handle connections
[09-Jul-2023 21:54:21] NOTICE: Terminating ...
[09-Jul-2023 21:54:21] NOTICE: Terminating ...
[09-Jul-2023 21:54:21] NOTICE: exiting, bye-bye!
[10-Jul-2023 09:05:24] NOTICE: fpm is running, pid 33787
[10-Jul-2023 09:05:24] NOTICE: ready to handle connections
[10-Jul-2023 09:07:33] NOTICE: Terminating ...
[10-Jul-2023 09:07:33] NOTICE: Terminating ...
[10-Jul-2023 09:07:33] NOTICE: exiting, bye-bye!
[11-Jul-2023 10:55:35] NOTICE: fpm is running, pid 36583
[11-Jul-2023 10:55:35] NOTICE: ready to handle connections
[11-Jul-2023 14:46:51] NOTICE: Terminating ...
[11-Jul-2023 14:46:51] NOTICE: Terminating ...
[11-Jul-2023 14:46:51] NOTICE: exiting, bye-bye!
[12-Jul-2023 10:12:33] NOTICE: fpm is running, pid 39846
[12-Jul-2023 10:12:33] NOTICE: ready to handle connections
[12-Jul-2023 10:51:51] NOTICE: Terminating ...
[12-Jul-2023 10:51:51] NOTICE: Terminating ...
[12-Jul-2023 10:51:51] NOTICE: exiting, bye-bye!
